2023-05-07 09:02:08,448 [DEBUG]  Starting new HTTPS connection (1): api.telegram.org:443
2023-05-07 09:02:09,078 [DEBUG]  https://api.telegram.org:443 "GET /bot6268579545:AAH8DbX2MoGU9mjXvpDf2FeUjI0S-mc9mZs/setWebhook?url=https%3A%2F%2Ff7eb-14-191-98-18.ap.ngrok.io%2Fwebhooks%2Ftelegram%2Fwebhook HTTP/1.1" 200 64
2023-05-07 09:02:09,110 [DEBUG]  Available web server routes: 
/conversations/<conversation_id:path>/messages     POST                           add_message
/conversations/<conversation_id:path>/tracker/events POST                           append_events
/webhooks/rasa                                     GET                            custom_webhook_RasaChatInput.health
/webhooks/rasa/webhook                             POST                           custom_webhook_RasaChatInput.receive
/webhooks/rest                                     GET                            custom_webhook_RestInput.health
/webhooks/rest/webhook                             POST                           custom_webhook_RestInput.receive
/model/test/intents                                POST                           evaluate_intents
/model/test/stories                                POST                           evaluate_stories
/conversations/<conversation_id:path>/execute      POST                           execute_action
/domain                                            GET                            get_domain
/                                                  GET                            hello
/model                                             PUT                            load_model
/model/parse                                       POST                           parse
/conversations/<conversation_id:path>/predict      POST                           predict
/conversations/<conversation_id:path>/tracker/events PUT                            replace_events
/conversations/<conversation_id:path>/story        GET                            retrieve_story
/conversations/<conversation_id:path>/tracker      GET                            retrieve_tracker
/status                                            GET                            status
/webhooks/telegram                                 GET                            telegram_webhook.health
/webhooks/telegram/webhook                         GET                            telegram_webhook.message
/webhooks/telegram/set_webhook                     GET                            telegram_webhook.set_webhook
/model/predict                                     POST                           tracker_predict
/model/train                                       POST                           train
/conversations/<conversation_id:path>/trigger_intent POST                           trigger_intent
/model                                             DELETE                         unload_model
/version                                           GET                            version
2023-05-07 09:02:09,110 [INFO ]  Starting Rasa server on http://0.0.0.0:5005
2023-05-07 09:02:09,125 [DEBUG]  Using the default number of Sanic workers (1).
2023-05-07 09:02:10,478 [DEBUG]  Starting new HTTPS connection (1): api.segment.io:443
2023-05-07 09:02:11,545 [DEBUG]  https://api.segment.io:443 "POST /v1/track HTTP/1.1" 200 21
2023-05-07 09:02:11,743 [DEBUG]  Attempting to connect to database via 'mysql+pymysql://root:***@localhost/cda_chatbot'.
2023-05-07 09:02:11,832 [DEBUG]  Connection to SQL database 'cda_chatbot' successful.
2023-05-07 09:02:11,832 [DEBUG]  Connected to SQLTrackerStore.
2023-05-07 09:02:11,834 [DEBUG]  Connected to lock store 'InMemoryLockStore'.
2023-05-07 09:02:11,834 [DEBUG]  Instantiated NLG to 'TemplatedNaturalLanguageGenerator'.
2023-05-07 09:02:11,834 [INFO ]  Loading model models\20230507-084506-steel-merge.tar.gz...
2023-05-07 09:02:12,939 [DEBUG]  Extracted model to 'C:\Users\tth16\AppData\Local\Temp\tmpgn3yl5zb'.
2023-05-07 09:02:12,964 [DEBUG]  Node 'nlu_message_converter' loading 'NLUMessageConverter.load' and kwargs: '{}'.
2023-05-07 09:02:12,964 [DEBUG]  Node 'run_WhitespaceTokenizer0' loading 'WhitespaceTokenizer.load' and kwargs: '{}'.
2023-05-07 09:02:12,966 [DEBUG]  Node 'run_LanguageModelFeaturizer1' loading 'LanguageModelFeaturizer.load' and kwargs: '{}'.
2023-05-07 09:02:13,884 [DEBUG]  Loading Tokenizer and Model for bert
2023-05-07 09:02:13,894 [DEBUG]  Starting new HTTPS connection (1): huggingface.co:443
2023-05-07 09:02:14,180 [DEBUG]  https://huggingface.co:443 "HEAD /rasa/LaBSE/resolve/main/vocab.txt HTTP/1.1" 200 0
2023-05-07 09:02:15,336 [DEBUG]  https://huggingface.co:443 "HEAD /rasa/LaBSE/resolve/main/config.json HTTP/1.1" 200 0
2023-05-07 09:02:58,933 [DEBUG]  Node 'run_RegexFeaturizer2' loading 'RegexFeaturizer.load' and kwargs: '{}'.
2023-05-07 09:02:58,944 [DEBUG]  Resource 'train_RegexFeaturizer2' was requested for reading.
2023-05-07 09:02:58,997 [DEBUG]  Node 'run_LexicalSyntacticFeaturizer3' loading 'LexicalSyntacticFeaturizer.load' and kwargs: '{}'.
2023-05-07 09:02:58,997 [DEBUG]  Resource 'train_LexicalSyntacticFeaturizer3' was requested for reading.
2023-05-07 09:02:59,047 [DEBUG]  Node 'run_CountVectorsFeaturizer4' loading 'CountVectorsFeaturizer.load' and kwargs: '{}'.
2023-05-07 09:02:59,047 [DEBUG]  Resource 'train_CountVectorsFeaturizer4' was requested for reading.
2023-05-07 09:02:59,077 [DEBUG]  Node 'run_CountVectorsFeaturizer5' loading 'CountVectorsFeaturizer.load' and kwargs: '{}'.
2023-05-07 09:02:59,078 [DEBUG]  Resource 'train_CountVectorsFeaturizer5' was requested for reading.
2023-05-07 09:02:59,112 [DEBUG]  Node 'run_DIETClassifier6' loading 'DIETClassifier.load' and kwargs: '{}'.
2023-05-07 09:02:59,112 [DEBUG]  Resource 'train_DIETClassifier6' was requested for reading.
2023-05-07 09:02:59,203 [DEBUG]  Loading the model from C:\Users\tth16\AppData\Local\Temp\tmpg7voltxv\train_DIETClassifier6\DIETClassifier.tf_model with finetune_mode=False...
2023-05-07 09:02:59,456 [DEBUG]  Following metrics will be logged during training: 
2023-05-07 09:02:59,456 [DEBUG]    t_loss (total loss)
2023-05-07 09:02:59,456 [DEBUG]    i_acc (intent acc)
2023-05-07 09:02:59,457 [DEBUG]    i_loss (intent loss)
2023-05-07 09:02:59,457 [DEBUG]    e_f1 (entity f1)
2023-05-07 09:02:59,457 [DEBUG]    e_loss (entity loss)
2023-05-07 09:03:46,550 [DEBUG]  Finished loading the model.
2023-05-07 09:03:46,550 [DEBUG]  Node 'run_EntitySynonymMapper7' loading 'EntitySynonymMapper.load' and kwargs: '{}'.
2023-05-07 09:03:46,551 [DEBUG]  Resource 'train_EntitySynonymMapper7' was requested for reading.
2023-05-07 09:03:46,551 [DEBUG]  Failed to load ABCMeta from model storage. Resource 'train_EntitySynonymMapper7' doesn't exist.
2023-05-07 09:03:46,552 [DEBUG]  Node 'run_ResponseSelector8' loading 'ResponseSelector.load' and kwargs: '{}'.
2023-05-07 09:03:46,552 [DEBUG]  Resource 'train_ResponseSelector8' was requested for reading.
2023-05-07 09:03:46,552 [DEBUG]  Failed to load ABCMeta from model storage. Resource 'train_ResponseSelector8' doesn't exist.
2023-05-07 09:03:46,553 [DEBUG]  Resource 'train_ResponseSelector8' was requested for reading.
2023-05-07 09:03:46,553 [DEBUG]  Failed to load ResponseSelector from model storage. Resource 'train_ResponseSelector8' doesn't exist.
2023-05-07 09:03:46,554 [DEBUG]  Node 'run_FallbackClassifier9' loading 'FallbackClassifier.load' and kwargs: '{}'.
2023-05-07 09:03:46,554 [DEBUG]  Node 'run_RegexMessageHandler' loading 'RegexMessageHandler.load' and kwargs: '{}'.
2023-05-07 09:03:46,555 [DEBUG]  Node 'domain_provider' loading 'DomainProvider.load' and kwargs: '{}'.
2023-05-07 09:03:46,555 [DEBUG]  Resource 'domain_provider' was requested for reading.
2023-05-07 09:03:47,060 [DEBUG]  Node 'run_MemoizationPolicy0' loading 'MemoizationPolicy.load' and kwargs: '{}'.
2023-05-07 09:03:47,065 [DEBUG]  Resource 'train_MemoizationPolicy0' was requested for reading.
2023-05-07 09:03:47,065 [DEBUG]  Node 'run_RulePolicy1' loading 'RulePolicy.load' and kwargs: '{}'.
2023-05-07 09:03:47,081 [DEBUG]  Resource 'train_RulePolicy1' was requested for reading.
2023-05-07 09:03:47,086 [DEBUG]  Node 'run_TEDPolicy2' loading 'TEDPolicy.load' and kwargs: '{}'.
2023-05-07 09:03:47,088 [DEBUG]  Resource 'train_TEDPolicy2' was requested for reading.
2023-05-07 09:03:47,106 [DEBUG]  Loading the model from C:\Users\tth16\AppData\Local\Temp\tmpg7voltxv\train_TEDPolicy2\ted_policy.tf_model with finetune_mode=False...
2023-05-07 09:04:02,072 [DEBUG]  Finished loading the model.
2023-05-07 09:04:02,084 [DEBUG]  Node 'rule_only_data_provider' loading 'RuleOnlyDataProvider.load' and kwargs: '{}'.
2023-05-07 09:04:02,084 [DEBUG]  Resource 'train_RulePolicy1' was requested for reading.
2023-05-07 09:04:02,090 [DEBUG]  Node 'select_prediction' loading 'DefaultPolicyPredictionEnsemble.load' and kwargs: '{}'.
2023-05-07 09:04:02,121 [INFO ]  Rasa server is up and running.
2023-05-07 09:04:02,121 [INFO ]  Enabling coroutine debugging. Loop id 2788900012144.
2023-05-07 09:10:04,781 [DEBUG]  Recreating tracker from sender id '2019603316'
2023-05-07 09:10:06,980 [DEBUG]  Issuing ticket for conversation '2019603316'.
2023-05-07 09:10:06,981 [DEBUG]  Acquiring lock for conversation '2019603316'.
2023-05-07 09:10:06,981 [DEBUG]  Acquired lock for conversation '2019603316'.
2023-05-07 09:10:06,991 [DEBUG]  Recreating tracker from sender id '2019603316'
2023-05-07 09:10:07,049 [DEBUG]  Tracker with sender_id '2019603316' stored to database
2023-05-07 09:10:07,050 [DEBUG]  Deleted lock for conversation '2019603316'.
2023-05-07 09:11:29,366 [DEBUG]  Recreating tracker from sender id '2019603316'
2023-05-07 09:13:01,436 [DEBUG]  Recreating tracker from sender id '2019603316'
2023-05-07 09:13:22,728 [DEBUG]  Recreating tracker from sender id '2019603316'
2023-05-07 09:13:56,227 [DEBUG]  Recreating tracker from sender id '2019603316'
2023-05-07 09:14:45,733 [DEBUG]  Recreating tracker from sender id '2019603316'
2023-05-07 09:14:56,196 [DEBUG]  Recreating tracker from sender id '2019603316'
2023-05-07 09:14:58,044 [DEBUG]  Recreating tracker from sender id '2019603316'
2023-05-07 09:14:59,852 [DEBUG]  Recreating tracker from sender id '2019603316'
2023-05-07 09:15:24,890 [DEBUG]  Recreating tracker from sender id '2019603316'
